{"/Users/pwe/Code/github/fudra/jogo/src/helper.ts": {"path":"/Users/pwe/Code/github/fudra/jogo/src/helper.ts","statementMap":{"0":{"start":{"line":3,"column":33},"end":{"line":9,"column":1}},"1":{"start":{"line":4,"column":4},"end":{"line":6,"column":null}},"2":{"start":{"line":5,"column":8},"end":{"line":5,"column":18}},"3":{"start":{"line":8,"column":4},"end":{"line":8,"column":28}},"4":{"start":{"line":3,"column":13},"end":{"line":3,"column":33}}},"fnMap":{"0":{"name":"(anonymous_0)","decl":{"start":{"line":3,"column":33},"end":{"line":3,"column":34}},"loc":{"start":{"line":3,"column":58},"end":{"line":9,"column":1}}}},"branchMap":{"0":{"loc":{"start":{"line":4,"column":4},"end":{"line":6,"column":null}},"type":"if","locations":[{"start":{"line":4,"column":4},"end":{"line":6,"column":null}}]}},"s":{"0":3,"1":139,"2":1,"3":138,"4":3},"f":{"0":139},"b":{"0":[1]}}
,"/Users/pwe/Code/github/fudra/jogo/src/operations.ts": {"path":"/Users/pwe/Code/github/fudra/jogo/src/operations.ts","statementMap":{"0":{"start":{"line":1,"column":0},"end":{"line":1,"column":null}},"1":{"start":{"line":2,"column":4},"end":{"line":2,"column":null}},"2":{"start":{"line":3,"column":4},"end":{"line":3,"column":null}},"3":{"start":{"line":4,"column":4},"end":{"line":4,"column":null}},"4":{"start":{"line":5,"column":4},"end":{"line":5,"column":null}},"5":{"start":{"line":6,"column":4},"end":{"line":6,"column":null}},"6":{"start":{"line":7,"column":4},"end":{"line":7,"column":null}},"7":{"start":{"line":8,"column":4},"end":{"line":8,"column":null}},"8":{"start":{"line":11,"column":0},"end":{"line":11,"column":25}}},"fnMap":{"0":{"name":"(anonymous_0)","decl":{"start":{"line":1,"column":0},"end":{"line":1,"column":5}},"loc":{"start":{"line":1,"column":14},"end":{"line":9,"column":1}}}},"branchMap":{"0":{"loc":{"start":{"line":1,"column":5},"end":{"line":1,"column":null}},"type":"binary-expr","locations":[{"start":{"line":1,"column":5},"end":{"line":1,"column":14}},{"start":{"line":1,"column":5},"end":{"line":1,"column":null}}]}},"s":{"0":2,"1":2,"2":2,"3":2,"4":2,"5":2,"6":2,"7":2,"8":2},"f":{"0":2},"b":{"0":[2,2]}}
,"/Users/pwe/Code/github/fudra/jogo/src/rules.ts": {"path":"/Users/pwe/Code/github/fudra/jogo/src/rules.ts","statementMap":{"0":{"start":{"line":1,"column":0},"end":{"line":1,"column":34}},"1":{"start":{"line":3,"column":0},"end":{"line":3,"column":45}},"2":{"start":{"line":5,"column":27},"end":{"line":49,"column":null}},"3":{"start":{"line":8,"column":26},"end":{"line":8,"column":61}},"4":{"start":{"line":9,"column":25},"end":{"line":9,"column":30}},"5":{"start":{"line":14,"column":26},"end":{"line":14,"column":78}},"6":{"start":{"line":15,"column":20},"end":{"line":15,"column":24}},"7":{"start":{"line":20,"column":26},"end":{"line":20,"column":79}},"8":{"start":{"line":21,"column":20},"end":{"line":21,"column":24}},"9":{"start":{"line":26,"column":26},"end":{"line":26,"column":75}},"10":{"start":{"line":27,"column":20},"end":{"line":27,"column":24}},"11":{"start":{"line":32,"column":26},"end":{"line":32,"column":76}},"12":{"start":{"line":33,"column":20},"end":{"line":33,"column":24}},"13":{"start":{"line":38,"column":26},"end":{"line":38,"column":69}},"14":{"start":{"line":39,"column":25},"end":{"line":39,"column":31}},"15":{"start":{"line":45,"column":21},"end":{"line":45,"column":25}},"16":{"start":{"line":46,"column":25},"end":{"line":46,"column":30}},"17":{"start":{"line":51,"column":0},"end":{"line":51,"column":21}}},"fnMap":{"0":{"name":"(anonymous_1)","decl":{"start":{"line":8,"column":15},"end":{"line":8,"column":16}},"loc":{"start":{"line":8,"column":26},"end":{"line":8,"column":61}}},"1":{"name":"(anonymous_2)","decl":{"start":{"line":9,"column":14},"end":{"line":9,"column":15}},"loc":{"start":{"line":9,"column":25},"end":{"line":9,"column":30}}},"2":{"name":"(anonymous_3)","decl":{"start":{"line":14,"column":15},"end":{"line":14,"column":16}},"loc":{"start":{"line":14,"column":26},"end":{"line":14,"column":78}}},"3":{"name":"(anonymous_4)","decl":{"start":{"line":15,"column":14},"end":{"line":15,"column":17}},"loc":{"start":{"line":15,"column":20},"end":{"line":15,"column":24}}},"4":{"name":"(anonymous_5)","decl":{"start":{"line":20,"column":15},"end":{"line":20,"column":16}},"loc":{"start":{"line":20,"column":26},"end":{"line":20,"column":79}}},"5":{"name":"(anonymous_6)","decl":{"start":{"line":21,"column":14},"end":{"line":21,"column":17}},"loc":{"start":{"line":21,"column":20},"end":{"line":21,"column":24}}},"6":{"name":"(anonymous_7)","decl":{"start":{"line":26,"column":15},"end":{"line":26,"column":16}},"loc":{"start":{"line":26,"column":26},"end":{"line":26,"column":75}}},"7":{"name":"(anonymous_8)","decl":{"start":{"line":27,"column":14},"end":{"line":27,"column":17}},"loc":{"start":{"line":27,"column":20},"end":{"line":27,"column":24}}},"8":{"name":"(anonymous_9)","decl":{"start":{"line":32,"column":15},"end":{"line":32,"column":16}},"loc":{"start":{"line":32,"column":26},"end":{"line":32,"column":76}}},"9":{"name":"(anonymous_10)","decl":{"start":{"line":33,"column":14},"end":{"line":33,"column":17}},"loc":{"start":{"line":33,"column":20},"end":{"line":33,"column":24}}},"10":{"name":"(anonymous_11)","decl":{"start":{"line":38,"column":15},"end":{"line":38,"column":16}},"loc":{"start":{"line":38,"column":26},"end":{"line":38,"column":69}}},"11":{"name":"(anonymous_12)","decl":{"start":{"line":39,"column":14},"end":{"line":39,"column":15}},"loc":{"start":{"line":39,"column":25},"end":{"line":39,"column":31}}},"12":{"name":"(anonymous_13)","decl":{"start":{"line":45,"column":15},"end":{"line":45,"column":18}},"loc":{"start":{"line":45,"column":21},"end":{"line":45,"column":25}}},"13":{"name":"(anonymous_14)","decl":{"start":{"line":46,"column":14},"end":{"line":46,"column":15}},"loc":{"start":{"line":46,"column":25},"end":{"line":46,"column":30}}}},"branchMap":{},"s":{"0":2,"1":2,"2":2,"3":36,"4":6,"5":30,"6":3,"7":25,"8":2,"9":21,"10":5,"11":14,"12":2,"13":10,"14":6,"15":4,"16":3,"17":2},"f":{"0":36,"1":6,"2":30,"3":3,"4":25,"5":2,"6":21,"7":5,"8":14,"9":2,"10":10,"11":6,"12":4,"13":3},"b":{}}
,"/Users/pwe/Code/github/fudra/jogo/src/tokenzier.ts": {"path":"/Users/pwe/Code/github/fudra/jogo/src/tokenzier.ts","statementMap":{"0":{"start":{"line":4,"column":0},"end":{"line":15,"column":null}},"1":{"start":{"line":5,"column":18},"end":{"line":5,"column":37}},"2":{"start":{"line":7,"column":33},"end":{"line":7,"column":35}},"3":{"start":{"line":9,"column":4},"end":{"line":12,"column":null}},"4":{"start":{"line":10,"column":22},"end":{"line":10,"column":54}},"5":{"start":{"line":11,"column":8},"end":{"line":11,"column":30}},"6":{"start":{"line":14,"column":4},"end":{"line":14,"column":18}},"7":{"start":{"line":18,"column":28},"end":{"line":56,"column":1}},"8":{"start":{"line":19,"column":33},"end":{"line":19,"column":35}},"9":{"start":{"line":21,"column":15},"end":{"line":21,"column":17}},"10":{"start":{"line":22,"column":23},"end":{"line":22,"column":28}},"11":{"start":{"line":24,"column":4},"end":{"line":53,"column":null}},"12":{"start":{"line":24,"column":21},"end":{"line":24,"column":22}},"13":{"start":{"line":25,"column":21},"end":{"line":25,"column":32}},"14":{"start":{"line":26,"column":25},"end":{"line":26,"column":55}},"15":{"start":{"line":29,"column":8},"end":{"line":31,"column":null}},"16":{"start":{"line":30,"column":12},"end":{"line":30,"column":32}},"17":{"start":{"line":34,"column":8},"end":{"line":42,"column":null}},"18":{"start":{"line":35,"column":12},"end":{"line":35,"column":25}},"19":{"start":{"line":37,"column":12},"end":{"line":39,"column":null}},"20":{"start":{"line":38,"column":16},"end":{"line":38,"column":66}},"21":{"start":{"line":41,"column":12},"end":{"line":41,"column":21}},"22":{"start":{"line":44,"column":8},"end":{"line":48,"column":null}},"23":{"start":{"line":45,"column":12},"end":{"line":45,"column":25}},"24":{"start":{"line":46,"column":15},"end":{"line":48,"column":null}},"25":{"start":{"line":47,"column":12},"end":{"line":47,"column":22}},"26":{"start":{"line":50,"column":8},"end":{"line":52,"column":null}},"27":{"start":{"line":51,"column":12},"end":{"line":51,"column":62}},"28":{"start":{"line":55,"column":4},"end":{"line":55,"column":18}},"29":{"start":{"line":18,"column":13},"end":{"line":18,"column":28}},"30":{"start":{"line":58,"column":31},"end":{"line":70,"column":1}},"31":{"start":{"line":59,"column":4},"end":{"line":61,"column":null}},"32":{"start":{"line":60,"column":8},"end":{"line":60,"column":null}},"33":{"start":{"line":63,"column":17},"end":{"line":63,"column":56}},"34":{"start":{"line":63,"column":38},"end":{"line":63,"column":55}},"35":{"start":{"line":65,"column":4},"end":{"line":67,"column":null}},"36":{"start":{"line":66,"column":8},"end":{"line":66,"column":null}},"37":{"start":{"line":69,"column":4},"end":{"line":69,"column":16}},"38":{"start":{"line":58,"column":13},"end":{"line":58,"column":31}},"39":{"start":{"line":72,"column":27},"end":{"line":85,"column":1}},"40":{"start":{"line":73,"column":17},"end":{"line":73,"column":52}},"41":{"start":{"line":74,"column":24},"end":{"line":82,"column":6}},"42":{"start":{"line":84,"column":4},"end":{"line":84,"column":16}},"43":{"start":{"line":72,"column":13},"end":{"line":72,"column":27}},"44":{"start":{"line":87,"column":31},"end":{"line":89,"column":1}},"45":{"start":{"line":88,"column":4},"end":{"line":88,"column":67}},"46":{"start":{"line":87,"column":13},"end":{"line":87,"column":31}},"47":{"start":{"line":91,"column":33},"end":{"line":93,"column":1}},"48":{"start":{"line":92,"column":4},"end":{"line":92,"column":60}},"49":{"start":{"line":91,"column":13},"end":{"line":91,"column":33}}},"fnMap":{"0":{"name":"(anonymous_0)","decl":{"start":{"line":4,"column":15},"end":{"line":4,"column":16}},"loc":{"start":{"line":4,"column":69},"end":{"line":15,"column":1}}},"1":{"name":"(anonymous_1)","decl":{"start":{"line":18,"column":28},"end":{"line":18,"column":29}},"loc":{"start":{"line":18,"column":92},"end":{"line":56,"column":1}}},"2":{"name":"(anonymous_2)","decl":{"start":{"line":58,"column":31},"end":{"line":58,"column":32}},"loc":{"start":{"line":58,"column":74},"end":{"line":70,"column":1}}},"3":{"name":"(anonymous_3)","decl":{"start":{"line":63,"column":28},"end":{"line":63,"column":29}},"loc":{"start":{"line":63,"column":38},"end":{"line":63,"column":55}}},"4":{"name":"(anonymous_4)","decl":{"start":{"line":72,"column":27},"end":{"line":72,"column":28}},"loc":{"start":{"line":72,"column":97},"end":{"line":85,"column":1}}},"5":{"name":"(anonymous_5)","decl":{"start":{"line":87,"column":31},"end":{"line":87,"column":32}},"loc":{"start":{"line":87,"column":82},"end":{"line":89,"column":1}}},"6":{"name":"(anonymous_6)","decl":{"start":{"line":91,"column":33},"end":{"line":91,"column":34}},"loc":{"start":{"line":91,"column":80},"end":{"line":93,"column":1}}}},"branchMap":{"0":{"loc":{"start":{"line":29,"column":8},"end":{"line":31,"column":null}},"type":"if","locations":[{"start":{"line":29,"column":8},"end":{"line":31,"column":null}}]},"1":{"loc":{"start":{"line":34,"column":8},"end":{"line":42,"column":null}},"type":"if","locations":[{"start":{"line":34,"column":8},"end":{"line":42,"column":null}}]},"2":{"loc":{"start":{"line":37,"column":12},"end":{"line":39,"column":null}},"type":"if","locations":[{"start":{"line":37,"column":12},"end":{"line":39,"column":null}}]},"3":{"loc":{"start":{"line":44,"column":8},"end":{"line":48,"column":null}},"type":"if","locations":[{"start":{"line":44,"column":8},"end":{"line":48,"column":null}},{"start":{"line":46,"column":15},"end":{"line":48,"column":null}}]},"4":{"loc":{"start":{"line":46,"column":15},"end":{"line":48,"column":null}},"type":"if","locations":[{"start":{"line":46,"column":15},"end":{"line":48,"column":null}}]},"5":{"loc":{"start":{"line":50,"column":8},"end":{"line":52,"column":null}},"type":"if","locations":[{"start":{"line":50,"column":8},"end":{"line":52,"column":null}}]},"6":{"loc":{"start":{"line":59,"column":4},"end":{"line":61,"column":null}},"type":"if","locations":[{"start":{"line":59,"column":4},"end":{"line":61,"column":null}}]},"7":{"loc":{"start":{"line":59,"column":8},"end":{"line":59,"column":56}},"type":"binary-expr","locations":[{"start":{"line":59,"column":8},"end":{"line":59,"column":38}},{"start":{"line":59,"column":42},"end":{"line":59,"column":56}}]},"8":{"loc":{"start":{"line":65,"column":4},"end":{"line":67,"column":null}},"type":"if","locations":[{"start":{"line":65,"column":4},"end":{"line":67,"column":null}}]},"9":{"loc":{"start":{"line":88,"column":11},"end":{"line":88,"column":66}},"type":"binary-expr","locations":[{"start":{"line":88,"column":11},"end":{"line":88,"column":23}},{"start":{"line":88,"column":28},"end":{"line":88,"column":44}},{"start":{"line":88,"column":48},"end":{"line":88,"column":65}}]},"10":{"loc":{"start":{"line":92,"column":11},"end":{"line":92,"column":59}},"type":"cond-expr","locations":[{"start":{"line":92,"column":37},"end":{"line":92,"column":52}},{"start":{"line":92,"column":55},"end":{"line":92,"column":59}}]}},"s":{"0":1,"1":3,"2":3,"3":3,"4":4,"5":4,"6":3,"7":1,"8":6,"9":6,"10":6,"11":6,"12":6,"13":36,"14":36,"15":36,"16":1,"17":36,"18":14,"19":14,"20":1,"21":14,"22":22,"23":16,"24":6,"25":6,"26":22,"27":8,"28":6,"29":1,"30":1,"31":28,"32":2,"33":26,"34":98,"35":26,"36":1,"37":25,"38":1,"39":1,"40":14,"41":14,"42":14,"43":1,"44":1,"45":26,"46":1,"47":1,"48":39,"49":1},"f":{"0":3,"1":6,"2":28,"3":98,"4":14,"5":26,"6":39},"b":{"0":[1],"1":[14],"2":[1],"3":[16,6],"4":[6],"5":[8],"6":[2],"7":[28,27],"8":[1],"9":[26,18,12],"10":[34,5]}}
}
