TN:
SF:src/helper.ts
FN:3,(anonymous_0)
FNF:1
FNH:1
FNDA:139,(anonymous_0)
DA:3,3
DA:4,139
DA:5,1
DA:8,138
LF:4
LH:4
BRDA:4,0,0,1
BRF:1
BRH:1
end_of_record
TN:
SF:src/operations.ts
FN:1,(anonymous_0)
FNF:1
FNH:1
FNDA:2,(anonymous_0)
DA:1,2
DA:2,2
DA:3,2
DA:4,2
DA:5,2
DA:6,2
DA:7,2
DA:8,2
DA:11,2
LF:9
LH:9
BRDA:1,0,0,2
BRDA:1,0,1,2
BRF:2
BRH:2
end_of_record
TN:
SF:src/rules.ts
FN:8,(anonymous_1)
FN:9,(anonymous_2)
FN:14,(anonymous_3)
FN:15,(anonymous_4)
FN:20,(anonymous_5)
FN:21,(anonymous_6)
FN:26,(anonymous_7)
FN:27,(anonymous_8)
FN:32,(anonymous_9)
FN:33,(anonymous_10)
FN:38,(anonymous_11)
FN:39,(anonymous_12)
FN:45,(anonymous_13)
FN:46,(anonymous_14)
FNF:14
FNH:14
FNDA:36,(anonymous_1)
FNDA:6,(anonymous_2)
FNDA:30,(anonymous_3)
FNDA:3,(anonymous_4)
FNDA:25,(anonymous_5)
FNDA:2,(anonymous_6)
FNDA:21,(anonymous_7)
FNDA:5,(anonymous_8)
FNDA:14,(anonymous_9)
FNDA:2,(anonymous_10)
FNDA:10,(anonymous_11)
FNDA:6,(anonymous_12)
FNDA:4,(anonymous_13)
FNDA:3,(anonymous_14)
DA:1,2
DA:3,2
DA:5,2
DA:8,36
DA:9,6
DA:14,30
DA:15,3
DA:20,25
DA:21,2
DA:26,21
DA:27,5
DA:32,14
DA:33,2
DA:38,10
DA:39,6
DA:45,4
DA:46,3
DA:51,2
LF:18
LH:18
BRF:0
BRH:0
end_of_record
TN:
SF:src/tokenzier.ts
FN:4,(anonymous_0)
FN:18,(anonymous_1)
FN:58,(anonymous_2)
FN:63,(anonymous_3)
FN:72,(anonymous_4)
FN:87,(anonymous_5)
FN:91,(anonymous_6)
FNF:7
FNH:7
FNDA:3,(anonymous_0)
FNDA:6,(anonymous_1)
FNDA:28,(anonymous_2)
FNDA:98,(anonymous_3)
FNDA:14,(anonymous_4)
FNDA:26,(anonymous_5)
FNDA:39,(anonymous_6)
DA:4,1
DA:5,3
DA:7,3
DA:9,3
DA:10,4
DA:11,4
DA:14,3
DA:18,1
DA:19,6
DA:21,6
DA:22,6
DA:24,6
DA:25,36
DA:26,36
DA:29,36
DA:30,1
DA:34,36
DA:35,14
DA:37,14
DA:38,1
DA:41,14
DA:44,22
DA:45,16
DA:46,6
DA:47,6
DA:50,22
DA:51,8
DA:55,6
DA:58,1
DA:59,28
DA:60,2
DA:63,98
DA:65,26
DA:66,1
DA:69,25
DA:72,1
DA:73,14
DA:74,14
DA:84,14
DA:87,1
DA:88,26
DA:91,1
DA:92,39
LF:43
LH:43
BRDA:29,0,0,1
BRDA:34,1,0,14
BRDA:37,2,0,1
BRDA:44,3,0,16
BRDA:44,3,1,6
BRDA:46,4,0,6
BRDA:50,5,0,8
BRDA:59,6,0,2
BRDA:59,7,0,28
BRDA:59,7,1,27
BRDA:65,8,0,1
BRDA:88,9,0,26
BRDA:88,9,1,18
BRDA:88,9,2,12
BRDA:92,10,0,34
BRDA:92,10,1,5
BRF:16
BRH:16
end_of_record
